[v2.1.4 - 16.01.2025]
- Thêm key 'shop_order_placehold' khi load order
[v2.1.3 - 28.9.2024]
- Sửa lỗi các nội dung có ký tự Tiếng Việt
[v2.1.2 - 10.4.2024]
- Khắc phục tình trạng ảnh hiển thị bị trùng/một sản phẩm khi hiển thị ở mục Media
[v2.1.1 - 19.01.2024]
- Thêm update giá sản phẩm số lượng lớn
- Thêm API lấy danh sách Id sản phẩm
[v2.1.0 - 31.10.2023]
- Thêm chế độ thêm tag, category thay vì thay thế hoàn toàn tag, category (mode_edit_catgory, mode_edit_tag)
[v2.0.10 - 15.10.2023]
- Hỗ trợ tạo gallery images trên theme minimog
[v2.0.9 - 08.9.2023]
- Sửa lỗi load order (với các database tiền tố khác wp_)
[19.6.2023]
- Thêm api upload theme
[27.3.2023]
- Thêm cấu hình used for variation
[19.3.2023]
- Thêm lọc theo category
[10.01.2023]
- Thêm cloud_info, import_mode=full_data khi import
- Sửa file `codethue_config.ini` thành `database_config.ini`
- Sửa import dữ liệu khi kết hợp với `show-link-image` (có update cả plugin này). (author mặc định bằng 77777 -> chế độ upload ảnh lên site bị lỗi khi edit -> sẽ xóa nhầm ảnh)
- Update một số hàm database
- Thêm option xóa cả variation (cho nhẹ database)
- Mấy update linh tinh khác...

[Trước_10.01.2023]
- Code xong fix linh tinh, lúc đầu mỗi ngày fix 1-3 lần, sau thì tháng mới fix 1-2 lần.
- Đến khoảng 8.2022 là khá hoàn chỉnh không cần fix mấy